2021-03-29 14:17:37 INFO  Version:21 - HV000001: Hibernate Validator 6.0.16.Final
2021-03-29 14:17:38 INFO  Application:50 - Starting Application on quanbindeMacBook-Pro.local with PID 9316 (/Users/quanbin/Work/learn/project/mhlevel-mall/mhlevel-mall/mhlevel-mall-api/target/classes started by quanbin in /Users/quanbin/Work/learn/project/mhlevel-mall/mhlevel-mall)
2021-03-29 14:17:38 INFO  Application:675 - No active profile set, falling back to default profiles: default
2021-03-29 14:17:42 WARN  ClassPathMapperScanner:44 - No MyBatis mapper was found in '[com.mhlevel]' package. Please check your configuration.
2021-03-29 14:17:43 INFO  PostProcessorRegistrationDelegate$BeanPostProcessorChecker:330 - Bean 'org.springframework.transaction.annotation.ProxyTransactionManagementConfiguration' of type [org.springframework.transaction.annotation.ProxyTransactionManagementConfiguration$$EnhancerBySpringCGLIB$$923686d2] is not eligible for getting processed by all BeanPostProcessors (for example: not eligible for auto-proxying)
2021-03-29 14:17:44 INFO  TomcatWebServer:90 - Tomcat initialized with port(s): 8088 (http)
2021-03-29 14:17:44 INFO  ContextLoader:296 - Root WebApplicationContext: initialization completed in 6317 ms
2021-03-29 14:17:48 INFO  ThreadPoolTaskExecutor:171 - Initializing ExecutorService 'applicationTaskExecutor'
2021-03-29 14:17:48 INFO  MapperCacheDisabler:60 - Clear tk.mybatis.mapper.util.MsUtil CLASS_CACHE cache.
2021-03-29 14:17:48 INFO  MapperCacheDisabler:60 - Clear tk.mybatis.mapper.genid.GenIdUtil CACHE cache.
2021-03-29 14:17:48 INFO  MapperCacheDisabler:60 - Clear tk.mybatis.mapper.version.VersionUtil CACHE cache.
2021-03-29 14:17:48 INFO  MapperCacheDisabler:83 - Clear EntityHelper entityTableMap cache.
2021-03-29 14:17:49 INFO  ThreadPoolTaskScheduler:171 - Initializing ExecutorService 'taskScheduler'
2021-03-29 14:17:49 INFO  DocumentationPluginsBootstrapper:84 - Context refreshed
2021-03-29 14:17:49 INFO  DocumentationPluginsBootstrapper:87 - Found 1 custom documentation plugin(s)
2021-03-29 14:17:49 INFO  ApiListingReferenceScanner:44 - Scanning for api listing references
2021-03-29 14:17:49 INFO  CachingOperationNameGenerator:40 - Generating unique operation named: addUsingPOST_1
2021-03-29 14:17:49 INFO  TomcatWebServer:204 - Tomcat started on port(s): 8088 (http) with context path ''
2021-03-29 14:17:49 INFO  Application:59 - Started Application in 12.003 seconds (JVM running for 13.874)
2021-03-29 14:17:51 INFO  HikariDataSource:110 - HikariPool-1 - Starting...
2021-03-29 14:17:51 INFO  HikariDataSource:123 - HikariPool-1 - Start completed.
2021-03-29 14:17:59 INFO  ThreadPoolTaskScheduler:208 - Shutting down ExecutorService 'taskScheduler'
2021-03-29 14:17:59 INFO  ThreadPoolTaskExecutor:208 - Shutting down ExecutorService 'applicationTaskExecutor'
2021-03-29 14:17:59 INFO  HikariDataSource:350 - HikariPool-1 - Shutdown initiated...
2021-03-29 14:17:59 INFO  HikariDataSource:352 - HikariPool-1 - Shutdown completed.
